<?xml version="1.0" encoding="UTF-8"?>
<!-- Generated by org.testng.reporters.JUnitXMLReporter -->
<testsuite ignored="0" hostname="Jayashri" failures="0" tests="3" name="Test" time="84.515" errors="0" timestamp="2022-10-12T16:40:29 IST">
  <testcase classname="testClasses.VerifyUserCanLoginpage" name="VerifyUserCanLoginPage" time="4.028"/>
  <testcase classname="testClasses.VerifyUsercanGetLowestPrice" name="VerifyUserCanOnProduct" time="2.999"/>
  <testcase classname="testClasses.VerifyUsercanGetLowestPrice" name="verifyUsercanGetLowestPrice" time="4.682"/>
</testsuite> <!-- Test -->
