<?xml version="1.0" encoding="UTF-8"?>
<testng-results ignored="0" total="3" passed="3" failed="0" skipped="0">
  <reporter-output>
  </reporter-output>
  <suite started-at="2022-10-12T16:39:05 IST" name="Suite" finished-at="2022-10-12T16:40:29 IST" duration-ms="84515">
    <groups>
    </groups>
    <test started-at="2022-10-12T16:39:05 IST" name="Test" finished-at="2022-10-12T16:40:29 IST" duration-ms="84515">
      <class name="testClasses.VerifyUsercanGetLowestPrice">
        <test-method is-config="true" signature="beforeClass()[pri:0, instance:testClasses.VerifyUsercanGetLowestPrice@6d60fe40]" started-at="2022-10-12T16:40:21 IST" name="beforeClass" finished-at="2022-10-12T16:40:21 IST" duration-ms="1" status="PASS">
          <reporter-output>
          </reporter-output>
        </test-method> <!-- beforeClass -->
        <test-method is-config="true" signature="beforeMethod()[pri:0, instance:testClasses.VerifyUsercanGetLowestPrice@6d60fe40]" started-at="2022-10-12T16:40:21 IST" name="beforeMethod" finished-at="2022-10-12T16:40:21 IST" duration-ms="1" status="PASS">
          <reporter-output>
          </reporter-output>
        </test-method> <!-- beforeMethod -->
        <test-method signature="VerifyUserCanOnProduct()[pri:1, instance:testClasses.VerifyUsercanGetLowestPrice@6d60fe40]" started-at="2022-10-12T16:40:21 IST" name="VerifyUserCanOnProduct" finished-at="2022-10-12T16:40:24 IST" duration-ms="2999" status="PASS">
          <reporter-output>
          </reporter-output>
        </test-method> <!-- VerifyUserCanOnProduct -->
        <test-method is-config="true" signature="afterMethod(org.testng.ITestResult)[pri:0, instance:testClasses.VerifyUsercanGetLowestPrice@6d60fe40]" started-at="2022-10-12T16:40:24 IST" name="afterMethod" finished-at="2022-10-12T16:40:24 IST" duration-ms="0" status="PASS">
          <params>
            <param index="0">
              <value>
                <![CDATA[[TestResult name=VerifyUserCanOnProduct status=SUCCESS method=VerifyUsercanGetLowestPrice.VerifyUserCanOnProduct()[pri:1, instance:testClasses.VerifyUsercanGetLowestPrice@6d60fe40] output={null}]]]>
              </value>
            </param>
          </params>
          <reporter-output>
          </reporter-output>
        </test-method> <!-- afterMethod -->
        <test-method is-config="true" signature="beforeMethod()[pri:0, instance:testClasses.VerifyUsercanGetLowestPrice@6d60fe40]" started-at="2022-10-12T16:40:24 IST" name="beforeMethod" finished-at="2022-10-12T16:40:24 IST" duration-ms="1" status="PASS">
          <reporter-output>
          </reporter-output>
        </test-method> <!-- beforeMethod -->
        <test-method signature="verifyUsercanGetLowestPrice()[pri:2, instance:testClasses.VerifyUsercanGetLowestPrice@6d60fe40]" started-at="2022-10-12T16:40:24 IST" name="verifyUsercanGetLowestPrice" finished-at="2022-10-12T16:40:29 IST" duration-ms="4682" status="PASS">
          <reporter-output>
          </reporter-output>
        </test-method> <!-- verifyUsercanGetLowestPrice -->
        <test-method is-config="true" signature="afterMethod(org.testng.ITestResult)[pri:0, instance:testClasses.VerifyUsercanGetLowestPrice@6d60fe40]" started-at="2022-10-12T16:40:29 IST" name="afterMethod" finished-at="2022-10-12T16:40:29 IST" duration-ms="1" status="PASS">
          <params>
            <param index="0">
              <value>
                <![CDATA[[TestResult name=verifyUsercanGetLowestPrice status=SUCCESS method=VerifyUsercanGetLowestPrice.verifyUsercanGetLowestPrice()[pri:2, instance:testClasses.VerifyUsercanGetLowestPrice@6d60fe40] output={null}]]]>
              </value>
            </param>
          </params>
          <reporter-output>
          </reporter-output>
        </test-method> <!-- afterMethod -->
        <test-method is-config="true" signature="afterclass()[pri:0, instance:testClasses.VerifyUsercanGetLowestPrice@6d60fe40]" started-at="2022-10-12T16:40:29 IST" name="afterclass" finished-at="2022-10-12T16:40:29 IST" duration-ms="61" status="PASS">
          <reporter-output>
          </reporter-output>
        </test-method> <!-- afterclass -->
      </class> <!-- testClasses.VerifyUsercanGetLowestPrice -->
      <class name="testClasses.VerifyUserCanLoginpage">
        <test-method is-config="true" signature="beforeclass()[pri:0, instance:testClasses.VerifyUserCanLoginpage@303cf2ba]" started-at="2022-10-12T16:39:05 IST" name="beforeclass" finished-at="2022-10-12T16:40:17 IST" duration-ms="72335" status="PASS">
          <reporter-output>
          </reporter-output>
        </test-method> <!-- beforeclass -->
        <test-method is-config="true" signature="beforemethod()[pri:0, instance:testClasses.VerifyUserCanLoginpage@303cf2ba]" started-at="2022-10-12T16:40:17 IST" name="beforemethod" finished-at="2022-10-12T16:40:17 IST" duration-ms="34" status="PASS">
          <reporter-output>
          </reporter-output>
        </test-method> <!-- beforemethod -->
        <test-method signature="VerifyUserCanLoginPage()[pri:0, instance:testClasses.VerifyUserCanLoginpage@303cf2ba]" started-at="2022-10-12T16:40:17 IST" name="VerifyUserCanLoginPage" finished-at="2022-10-12T16:40:21 IST" duration-ms="4028" status="PASS">
          <reporter-output>
          </reporter-output>
        </test-method> <!-- VerifyUserCanLoginPage -->
        <test-method is-config="true" signature="aftermethod(org.testng.ITestResult)[pri:0, instance:testClasses.VerifyUserCanLoginpage@303cf2ba]" started-at="2022-10-12T16:40:21 IST" name="aftermethod" finished-at="2022-10-12T16:40:21 IST" duration-ms="10" status="PASS">
          <params>
            <param index="0">
              <value>
                <![CDATA[[TestResult name=VerifyUserCanLoginPage status=SUCCESS method=VerifyUserCanLoginpage.VerifyUserCanLoginPage()[pri:0, instance:testClasses.VerifyUserCanLoginpage@303cf2ba] output={null}]]]>
              </value>
            </param>
          </params>
          <reporter-output>
          </reporter-output>
        </test-method> <!-- aftermethod -->
        <test-method is-config="true" signature="afterclass()[pri:0, instance:testClasses.VerifyUserCanLoginpage@303cf2ba]" started-at="2022-10-12T16:40:21 IST" name="afterclass" finished-at="2022-10-12T16:40:21 IST" duration-ms="313" status="PASS">
          <reporter-output>
          </reporter-output>
        </test-method> <!-- afterclass -->
      </class> <!-- testClasses.VerifyUserCanLoginpage -->
    </test> <!-- Test -->
  </suite> <!-- Suite -->
</testng-results>
